<?xml version="1.0" encoding="UTF-8"?>
<!-- Generated by org.testng.reporters.JUnitReportReporter -->
<testsuite hostname="Rudini" failures="0" tests="2" name="com.tokonek.Logout" time="6.226" errors="0" timestamp="2025-08-12T00:15:27 WIB" skipped="0">
  <testcase classname="com.tokonek.Logout" name="choseOrganizationsTest" time="1.062"/>
  <testcase classname="com.tokonek.Logout" name="logout" time="5.164"/>
</testsuite> <!-- com.tokonek.Logout -->
