<?xml version="1.0" encoding="UTF-8"?>
<!-- Generated by org.testng.reporters.JUnitReportReporter -->
<testsuite hostname="Rudini" failures="0" tests="1" name="com.tokonek.dashboard.products.ProductSearch" time="3.183" errors="0" timestamp="2025-08-19T12:37:27 WIB" skipped="0">
  <testcase classname="com.tokonek.dashboard.products.ProductSearch" name="choseOrganizationsTest" time="3.183"/>
</testsuite> <!-- com.tokonek.dashboard.products.ProductSearch -->
