<?xml version="1.0" encoding="UTF-8"?>
<!-- Generated by org.testng.reporters.JUnitReportReporter -->
<testsuite hostname="Rudini" failures="0" tests="2" name="com.tokonek.dashboard.products.ProductSearchTest" time="4.572" errors="0" timestamp="2025-08-19T14:01:23 WIB" skipped="0">
  <testcase classname="com.tokonek.dashboard.products.ProductSearchTest" name="searchProductNodata" time="2.389"/>
  <testcase classname="com.tokonek.dashboard.products.ProductSearchTest" name="searchProduct" time="2.183"/>
</testsuite> <!-- com.tokonek.dashboard.products.ProductSearchTest -->
