<?xml version="1.0" encoding="UTF-8"?>
<!-- Generated by org.testng.reporters.JUnitReportReporter -->
<testsuite hostname="Rudini" failures="0" tests="5" name="com.tokonek.dashboard.products.ProductUnitTest" time="66.411" errors="0" timestamp="2025-09-09T00:11:50 WIB" skipped="0">
  <testcase classname="com.tokonek.dashboard.products.ProductUnitTest" name="tambahProductUnit" time="14.332"/>
  <testcase classname="com.tokonek.dashboard.products.ProductUnitTest" name="tambahProductUnitKosongNama" time="9.883"/>
  <testcase classname="com.tokonek.dashboard.products.ProductUnitTest" name="menggunakanKodeTersedia" time="14.044"/>
  <testcase classname="com.tokonek.dashboard.products.ProductUnitTest" name="editSatuan" time="14.003"/>
  <testcase classname="com.tokonek.dashboard.products.ProductUnitTest" name="hapusSatuan" time="14.149"/>
</testsuite> <!-- com.tokonek.dashboard.products.ProductUnitTest -->
