<?xml version="1.0" encoding="UTF-8"?>
<!-- Generated by org.testng.reporters.JUnitReportReporter -->
<testsuite hostname="Rudini" failures="0" tests="3" name="com.tokonek.dashboard.product.ProductEdit" time="23.018" errors="0" timestamp="2025-08-12T00:37:52 WIB" skipped="0">
  <testcase classname="com.tokonek.dashboard.product.ProductEdit" name="choseOrganizationsTest" time="1.055"/>
  <testcase classname="com.tokonek.dashboard.product.ProductEdit" name="deleteProduct" time="3.248"/>
  <testcase classname="com.tokonek.dashboard.product.ProductEdit" name="editInformationProduct" time="18.715"/>
</testsuite> <!-- com.tokonek.dashboard.product.ProductEdit -->
