<?xml version="1.0" encoding="UTF-8"?>
<!-- Generated by org.testng.reporters.JUnitReportReporter -->
<testsuite hostname="Rudini" failures="0" tests="2" name="com.tokonek.AuthenticationTest" time="13.750" errors="0" timestamp="2025-08-12T00:15:27 WIB" skipped="0">
  <testcase classname="com.tokonek.AuthenticationTest" name="testLogin" time="7.355"/>
  <testcase classname="com.tokonek.AuthenticationTest" name="testLoginWithInvalidCredentials" time="6.395"/>
</testsuite> <!-- com.tokonek.AuthenticationTest -->
