<?xml version="1.0" encoding="UTF-8"?>
<!-- Generated by org.testng.reporters.JUnitReportReporter -->
<testsuite hostname="Rudini" failures="0" tests="3" name="com.tokonek.dashboard.CategoryTest" time="9.886" errors="0" timestamp="2025-08-07T15:10:43 WIB" skipped="0">
  <testcase classname="com.tokonek.dashboard.CategoryTest" name="choseOrganizationsTest" time="1.048"/>
  <testcase classname="com.tokonek.dashboard.CategoryTest" name="catalogueCategory" time="2.113"/>
  <testcase classname="com.tokonek.dashboard.CategoryTest" name="addCategory" time="6.725"/>
</testsuite> <!-- com.tokonek.dashboard.CategoryTest -->
